Build started 5/11/2016 8:16:07 PM.
     1>Project "C:\Users\Widger\Desktop\IMGPro2016-2.3\IMGPro2016\IMGPro2016\IMGPro2016.vcxproj" on node 2 (build target(s)).
     1>InitializeBuildStatus:
         Creating "Debug\IMGPro2016.unsuccessfulbuild" because "AlwaysCreate" was specified.
       ClCompile:
         c:\Program Files (x86)\Microsoft Visual Studio 10.0\VC\bin\CL.exe /c /I"C:\Toolkit\vtk-5.10.1\vtk5.1install\include\vtk-5.10" /I"C:\Toolkit\fltk-1.3.2-source\fltkinstall\include\FL" /I"C:\Toolkit\vtk-5.10.1\vtk5.1install\include\vtk-5.10" /I"C:\Toolkit\fltk-1.3.2-source\fltkinstall\include" /ZI /nologo /W3 /WX- /Od /Oy- /D WIN32 /D _WINDOWS /D _DEBUG /D _CRT_SECURE_NO_DEPRECATE /D _CRT_NONSTDC_NO_DEPRECATE /D _CRT_SECURE_NO_WARNINGS /D _SCL_SECURE_NO_DEPRECATE /D _SCL_SECURE_NO_WARNINGS /D VTK_IN_VTK /D "CMAKE_INTDIR=\"Debug\"" /D _MBCS /D _MBCS /Gm /EHsc /RTC1 /MDd /GS /fp:precise /Zc:wchar_t /Zc:forScope /Fo"Debug\\" /Fd"Debug\vc100.pdb" /Gd /TP /analyze- /errorReport:prompt usrInterface.cpp
         usrInterface.cpp
     1>c:\users\widger\desktop\imgpro2016-2.3\imgpro2016\imgpro2016\usrinterface.cpp(7): warning C4005: '_CRT_SECURE_NO_WARNINGS' : macro redefinition
                 command-line arguments :  see previous definition of '_CRT_SECURE_NO_WARNINGS'
       ManifestResourceCompile:
         All outputs are up-to-date.
       Link:
         c:\Program Files (x86)\Microsoft Visual Studio 10.0\VC\bin\link.exe /ERRORREPORT:PROMPT /OUT:"C:\Users\Widger\Desktop\IMGPro2016-2.3\IMGPro2016\Debug\IMGPro2016.exe" /INCREMENTAL /NOLOGO /LIBPATH:"C:\Toolkit\vtk-5.10.1\vtk5.1install\lib\vtk-5.10" /LIBPATH:"C:\Toolkit\fltk-1.3.2-source\fltkinstall\lib" /LIBPATH:"C:\Toolkit\vtk-5.10.1\vtk5.1install\lib\vtk-5.10" /LIBPATH:"C:\Toolkit\fltk-1.3.2-source\fltkinstall\lib" kernel32.lib user32.lib gdi32.lib winspool.lib shell32.lib ole32.lib oleaut32.lib uuid.lib comdlg32.lib advapi32.lib "C:\Toolkit\fltk-1.3.2-source\fltkinstall\lib\fltkimagesd.lib" "C:\Toolkit\fltk-1.3.2-source\fltkinstall\lib\fltkformsd.lib" "C:\Toolkit\fltk-1.3.2-source\fltkinstall\lib\fltkgld.lib" opengl32.lib "C:\Toolkit\fltk-1.3.2-source\fltkinstall\lib\fltkd.lib" wsock32.lib comctl32.lib "C:\Toolkit\vtk-5.10.1\vtk5.1install\lib\vtk-5.10\vtkCharts.lib" "C:\Toolkit\vtk-5.10.1\vtk5.1install\lib\vtk-5.10\vtkGeovis.lib" "C:\Toolkit\vtk-5.10.1\vtk5.1install\lib\vtk-5.10\vtkproj4.lib" "C:\Toolkit\vtk-5.10.1\vtk5.1install\lib\vtk-5.10\vtksqlite.lib" "C:\Toolkit\vtk-5.10.1\vtk5.1install\lib\vtk-5.10\vtkViews.lib" "C:\Toolkit\vtk-5.10.1\vtk5.1install\lib\vtk-5.10\vtkInfovis.lib" "C:\Toolkit\vtk-5.10.1\vtk5.1install\lib\vtk-5.10\vtkalglib.lib" "C:\Toolkit\vtk-5.10.1\vtk5.1install\lib\vtk-5.10\vtklibxml2.lib" "C:\Toolkit\vtk-5.10.1\vtk5.1install\lib\vtk-5.10\vtkWidgets.lib" "C:\Toolkit\vtk-5.10.1\vtk5.1install\lib\vtk-5.10\vtkHybrid.lib" "C:\Toolkit\vtk-5.10.1\vtk5.1install\lib\vtk-5.10\vtkParallel.lib" "C:\Toolkit\vtk-5.10.1\vtk5.1install\lib\vtk-5.10\vtkVolumeRendering.lib" "C:\Toolkit\vtk-5.10.1\vtk5.1install\lib\vtk-5.10\vtkRendering.lib" "C:\Toolkit\vtk-5.10.1\vtk5.1install\lib\vtk-5.10\vtkGraphics.lib" "C:\Toolkit\vtk-5.10.1\vtk5.1install\lib\vtk-5.10\vtkverdict.lib" "C:\Toolkit\vtk-5.10.1\vtk5.1install\lib\vtk-5.10\vtkImaging.lib" "C:\Toolkit\vtk-5.10.1\vtk5.1install\lib\vtk-5.10\vtkIO.lib" "C:\Toolkit\vtk-5.10.1\vtk5.1install\lib\vtk-5.10\vtkDICOMParser.lib" "C:\Toolkit\vtk-5.10.1\vtk5.1install\lib\vtk-5.10\vtkFiltering.lib" "C:\Toolkit\vtk-5.10.1\vtk5.1install\lib\vtk-5.10\vtkCommon.lib" "C:\Toolkit\vtk-5.10.1\vtk5.1install\lib\vtk-5.10\vtkmetaio.lib" "C:\Toolkit\vtk-5.10.1\vtk5.1install\lib\vtk-5.10\vtkpng.lib" "C:\Toolkit\vtk-5.10.1\vtk5.1install\lib\vtk-5.10\vtktiff.lib" "C:\Toolkit\vtk-5.10.1\vtk5.1install\lib\vtk-5.10\vtkjpeg.lib" "C:\Toolkit\vtk-5.10.1\vtk5.1install\lib\vtk-5.10\vtkNetCDF.lib" "C:\Toolkit\vtk-5.10.1\vtk5.1install\lib\vtk-5.10\vtkhdf5_hl.lib" "C:\Toolkit\vtk-5.10.1\vtk5.1install\lib\vtk-5.10\vtkhdf5.lib" "C:\Toolkit\vtk-5.10.1\vtk5.1install\lib\vtk-5.10\vtkzlib.lib" "C:\Toolkit\vtk-5.10.1\vtk5.1install\lib\vtk-5.10\vtksys.lib" kernel32.lib user32.lib gdi32.lib winspool.lib shell32.lib ole32.lib oleaut32.lib uuid.lib comdlg32.lib advapi32.lib comctl32.lib opengl32.lib wsock32.lib ws2_32.lib "C:\Toolkit\fltk-1.3.2-source\fltkinstall\lib\fltkimagesd.lib" "C:\Toolkit\fltk-1.3.2-source\fltkinstall\lib\fltkformsd.lib" "C:\Toolkit\fltk-1.3.2-source\fltkinstall\lib\fltkgld.lib" "C:\Toolkit\fltk-1.3.2-source\fltkinstall\lib\fltkd.lib" "C:\Toolkit\vtk-5.10.1\vtk5.1install\lib\vtk-5.10\vtkCharts.lib" "C:\Toolkit\vtk-5.10.1\vtk5.1install\lib\vtk-5.10\vtkGeovis.lib" "C:\Toolkit\vtk-5.10.1\vtk5.1install\lib\vtk-5.10\vtkproj4.lib" "C:\Toolkit\vtk-5.10.1\vtk5.1install\lib\vtk-5.10\vtksqlite.lib" "C:\Toolkit\vtk-5.10.1\vtk5.1install\lib\vtk-5.10\vtkViews.lib" "C:\Toolkit\vtk-5.10.1\vtk5.1install\lib\vtk-5.10\vtkInfovis.lib" "C:\Toolkit\vtk-5.10.1\vtk5.1install\lib\vtk-5.10\vtkalglib.lib" "C:\Toolkit\vtk-5.10.1\vtk5.1install\lib\vtk-5.10\vtklibxml2.lib" "C:\Toolkit\vtk-5.10.1\vtk5.1install\lib\vtk-5.10\vtkWidgets.lib" "C:\Toolkit\vtk-5.10.1\vtk5.1install\lib\vtk-5.10\vtkHybrid.lib" "C:\Toolkit\vtk-5.10.1\vtk5.1install\lib\vtk-5.10\vtkParallel.lib" "C:\Toolkit\vtk-5.10.1\vtk5.1install\lib\vtk-5.10\vtkVolumeRendering.lib" "C:\Toolkit\vtk-5.10.1\vtk5.1install\lib\vtk-5.10\vtkRendering.lib" "C:\Toolkit\vtk-5.10.1\vtk5.1install\lib\vtk-5.10\vtkGraphics.lib" "C:\Toolkit\vtk-5.10.1\vtk5.1install\lib\vtk-5.10\vtkverdict.lib" "C:\Toolkit\vtk-5.10.1\vtk5.1install\lib\vtk-5.10\vtkImaging.lib" "C:\Toolkit\vtk-5.10.1\vtk5.1install\lib\vtk-5.10\vtkIO.lib" "C:\Toolkit\vtk-5.10.1\vtk5.1install\lib\vtk-5.10\vtkDICOMParser.lib" "C:\Toolkit\vtk-5.10.1\vtk5.1install\lib\vtk-5.10\vtkFiltering.lib" "C:\Toolkit\vtk-5.10.1\vtk5.1install\lib\vtk-5.10\vtkCommon.lib" "C:\Toolkit\vtk-5.10.1\vtk5.1install\lib\vtk-5.10\vtkmetaio.lib" "C:\Toolkit\vtk-5.10.1\vtk5.1install\lib\vtk-5.10\vtkpng.lib" "C:\Toolkit\vtk-5.10.1\vtk5.1install\lib\vtk-5.10\vtktiff.lib" "C:\Toolkit\vtk-5.10.1\vtk5.1install\lib\vtk-5.10\vtkjpeg.lib" "C:\Toolkit\vtk-5.10.1\vtk5.1install\lib\vtk-5.10\vtkNetCDF.lib" "C:\Toolkit\vtk-5.10.1\vtk5.1install\lib\vtk-5.10\vtkhdf5_hl.lib" "C:\Toolkit\vtk-5.10.1\vtk5.1install\lib\vtk-5.10\vtkhdf5.lib" "C:\Toolkit\vtk-5.10.1\vtk5.1install\lib\vtk-5.10\vtkzlib.lib" "C:\Toolkit\vtk-5.10.1\vtk5.1install\lib\vtk-5.10\vtksys.lib" kernel32.lib user32.lib gdi32.lib winspool.lib comdlg32.lib advapi32.lib shell32.lib ole32.lib oleaut32.lib uuid.lib odbc32.lib odbccp32.lib /MANIFEST /ManifestFile:"Debug\IMGPro2016.exe.intermediate.manifest" /MANIFESTUAC:"level='asInvoker' uiAccess='false'" /DEBUG /PDB:"C:\Users\Widger\Desktop\IMGPro2016-2.3\IMGPro2016\Debug\IMGPro2016.pdb" /SUBSYSTEM:CONSOLE /TLBID:1 /DYNAMICBASE /NXCOMPAT /IMPLIB:"C:\Users\Widger\Desktop\IMGPro2016-2.3\IMGPro2016\Debug\IMGPro2016.lib" /MACHINE:X86 Debug\IMGPro2016.exe.embed.manifest.res
         Debug\IMGProWenzhao.obj
         Debug\usrInterface.obj
         Debug\vtkFlRenderWindowInteractor.obj
       Manifest:
         c:\Program Files (x86)\Microsoft SDKs\Windows\v7.0A\bin\mt.exe /nologo /verbose /out:"Debug\IMGPro2016.exe.embed.manifest" /manifest Debug\IMGPro2016.exe.intermediate.manifest
         All outputs are up-to-date.
       LinkEmbedManifest:
         All outputs are up-to-date.
         IMGPro2016.vcxproj -> C:\Users\Widger\Desktop\IMGPro2016-2.3\IMGPro2016\Debug\IMGPro2016.exe
       FinalizeBuildStatus:
         Deleting file "Debug\IMGPro2016.unsuccessfulbuild".
         Touching "Debug\IMGPro2016.lastbuildstate".
     1>Done Building Project "C:\Users\Widger\Desktop\IMGPro2016-2.3\IMGPro2016\IMGPro2016\IMGPro2016.vcxproj" (build target(s)).

Build succeeded.

Time Elapsed 00:00:04.22
